<?xml version="1.0" encoding="UTF-8"?>
<!-- Generated by org.testng.reporters.JUnitXMLReporter -->
<testsuite hostname="NarenderSharma" ignored="0" name="Test" tests="3" failures="0" timestamp="05 May 2019 08:23:05 GMT" time="99.247" errors="0">
  <testcase name="run1" time="66.838" classname="tests.GoogleHomePageTest"/>
  <testcase name="run1" time="5.153" classname="tests.GoogleHomePageTest"/>
  <testcase name="run1" time="4.212" classname="tests.GoogleHomePageTest"/>
</testsuite> <!-- Test -->
