<?xml version="1.0" encoding="UTF-8"?>
<!-- Generated by org.testng.reporters.JUnitXMLReporter -->
<testsuite hostname="NarenderSharma" ignored="0" name="Test1" tests="3" failures="0" timestamp="05 May 2019 09:12:58 GMT" time="231.131" errors="0">
  <testcase name="run1" time="125.337" classname="tests.GoogleHomePageTest1"/>
  <testcase name="run1" time="10.476" classname="tests.GoogleHomePageTest1"/>
  <testcase name="run1" time="4.601" classname="tests.GoogleHomePageTest1"/>
</testsuite> <!-- Test1 -->
