<?xml version="1.0" encoding="UTF-8"?>
<!-- Generated by org.testng.reporters.JUnitXMLReporter -->
<testsuite hostname="NarenderSharma" ignored="0" name="Test1" tests="3" failures="0" timestamp="05 May 2019 08:23:05 GMT" time="98.594" errors="0">
  <testcase name="run1" time="50.017" classname="tests.GoogleHomePageTest1"/>
  <testcase name="run1" time="7.413" classname="tests.GoogleHomePageTest1"/>
  <testcase name="run1" time="4.999" classname="tests.GoogleHomePageTest1"/>
</testsuite> <!-- Test1 -->
