<?xml version="1.0" encoding="UTF-8"?>
<!-- Generated by org.testng.reporters.JUnitXMLReporter -->
<testsuite hostname="NarenderSharma" ignored="0" name="Test" tests="3" failures="0" timestamp="05 May 2019 09:12:59 GMT" time="232.738" errors="0">
  <testcase name="run1" time="125.646" classname="tests.GoogleHomePageTest"/>
  <testcase name="run1" time="10.504" classname="tests.GoogleHomePageTest"/>
  <testcase name="run1" time="4.868" classname="tests.GoogleHomePageTest"/>
</testsuite> <!-- Test -->
