<?xml version="1.0" encoding="UTF-8"?>
<testng-results skipped="0" failed="0" ignored="0" total="9" passed="9">
  <reporter-output>
  </reporter-output>
  <suite name="Suite" duration-ms="232738" started-at="2019-05-05T09:09:06Z" finished-at="2019-05-05T09:12:59Z">
    <groups>
    </groups>
    <test name="Test2" duration-ms="230140" started-at="2019-05-05T09:09:06Z" finished-at="2019-05-05T09:12:57Z">
      <class name="tests.GoogleHomePageTest2">
        <test-method status="PASS" signature="setup(java.lang.String, java.lang.String)[pri:0, instance:tests.GoogleHomePageTest2@5cb9f472]" name="setup" is-config="true" duration-ms="56171" started-at="2019-05-05T09:09:07Z" finished-at="2019-05-05T09:10:03Z">
          <params>
            <param index="0">
              <value>
                <![CDATA[chrome]]>
              </value>
            </param>
            <param index="1">
              <value>
                <![CDATA[https://www.google.co.in]]>
              </value>
            </param>
          </params>
          <reporter-output>
          </reporter-output>
        </test-method> <!-- setup -->
        <test-method status="PASS" signature="run1(java.lang.String, java.lang.String)[pri:0, instance:tests.GoogleHomePageTest2@5cb9f472]" name="run1" duration-ms="125420" started-at="2019-05-05T09:10:03Z" data-provider="testData" finished-at="2019-05-05T09:12:08Z">
          <params>
            <param index="0">
              <value>
                <![CDATA[Amazon]]>
              </value>
            </param>
            <param index="1">
              <value>
                <![CDATA[Online Shopping site in India: Shop Online for Mobiles, Books, Watches, Shoes and More - Amazon.in]]>
              </value>
            </param>
          </params>
          <reporter-output>
          </reporter-output>
        </test-method> <!-- run1 -->
        <test-method status="PASS" signature="closeBrowser()[pri:0, instance:tests.GoogleHomePageTest2@5cb9f472]" name="closeBrowser" is-config="true" duration-ms="1638" started-at="2019-05-05T09:12:08Z" finished-at="2019-05-05T09:12:10Z">
          <reporter-output>
          </reporter-output>
        </test-method> <!-- closeBrowser -->
        <test-method status="PASS" signature="setup(java.lang.String, java.lang.String)[pri:0, instance:tests.GoogleHomePageTest2@5cb9f472]" name="setup" is-config="true" duration-ms="23965" started-at="2019-05-05T09:12:10Z" finished-at="2019-05-05T09:12:34Z">
          <params>
            <param index="0">
              <value>
                <![CDATA[chrome]]>
              </value>
            </param>
            <param index="1">
              <value>
                <![CDATA[https://www.google.co.in]]>
              </value>
            </param>
          </params>
          <reporter-output>
          </reporter-output>
        </test-method> <!-- setup -->
        <test-method status="PASS" signature="run1(java.lang.String, java.lang.String)[pri:0, instance:tests.GoogleHomePageTest2@5cb9f472]" name="run1" duration-ms="10476" started-at="2019-05-05T09:12:34Z" data-provider="testData" finished-at="2019-05-05T09:12:44Z">
          <params>
            <param index="0">
              <value>
                <![CDATA[Wikipedia]]>
              </value>
            </param>
            <param index="1">
              <value>
                <![CDATA[Wikipedia]]>
              </value>
            </param>
          </params>
          <reporter-output>
          </reporter-output>
        </test-method> <!-- run1 -->
        <test-method status="PASS" signature="closeBrowser()[pri:0, instance:tests.GoogleHomePageTest2@5cb9f472]" name="closeBrowser" is-config="true" duration-ms="554" started-at="2019-05-05T09:12:44Z" finished-at="2019-05-05T09:12:45Z">
          <reporter-output>
          </reporter-output>
        </test-method> <!-- closeBrowser -->
        <test-method status="PASS" signature="setup(java.lang.String, java.lang.String)[pri:0, instance:tests.GoogleHomePageTest2@5cb9f472]" name="setup" is-config="true" duration-ms="6455" started-at="2019-05-05T09:12:45Z" finished-at="2019-05-05T09:12:51Z">
          <params>
            <param index="0">
              <value>
                <![CDATA[chrome]]>
              </value>
            </param>
            <param index="1">
              <value>
                <![CDATA[https://www.google.co.in]]>
              </value>
            </param>
          </params>
          <reporter-output>
          </reporter-output>
        </test-method> <!-- setup -->
        <test-method status="PASS" signature="run1(java.lang.String, java.lang.String)[pri:0, instance:tests.GoogleHomePageTest2@5cb9f472]" name="run1" duration-ms="4580" started-at="2019-05-05T09:12:51Z" data-provider="testData" finished-at="2019-05-05T09:12:56Z">
          <params>
            <param index="0">
              <value>
                <![CDATA[Selenium]]>
              </value>
            </param>
            <param index="1">
              <value>
                <![CDATA[Selenium - Web Browser Automation]]>
              </value>
            </param>
          </params>
          <reporter-output>
          </reporter-output>
        </test-method> <!-- run1 -->
        <test-method status="PASS" signature="closeBrowser()[pri:0, instance:tests.GoogleHomePageTest2@5cb9f472]" name="closeBrowser" is-config="true" duration-ms="685" started-at="2019-05-05T09:12:56Z" finished-at="2019-05-05T09:12:57Z">
          <reporter-output>
          </reporter-output>
        </test-method> <!-- closeBrowser -->
      </class> <!-- tests.GoogleHomePageTest2 -->
    </test> <!-- Test2 -->
    <test name="Test1" duration-ms="231131" started-at="2019-05-05T09:09:06Z" finished-at="2019-05-05T09:12:58Z">
      <class name="tests.GoogleHomePageTest1">
        <test-method status="PASS" signature="setup(java.lang.String, java.lang.String)[pri:0, instance:tests.GoogleHomePageTest1@1e397ed7]" name="setup" is-config="true" duration-ms="56254" started-at="2019-05-05T09:09:07Z" finished-at="2019-05-05T09:10:03Z">
          <params>
            <param index="0">
              <value>
                <![CDATA[chrome]]>
              </value>
            </param>
            <param index="1">
              <value>
                <![CDATA[https://www.google.co.in]]>
              </value>
            </param>
          </params>
          <reporter-output>
          </reporter-output>
        </test-method> <!-- setup -->
        <test-method status="PASS" signature="run1(java.lang.String, java.lang.String)[pri:0, instance:tests.GoogleHomePageTest1@1e397ed7]" name="run1" duration-ms="125337" started-at="2019-05-05T09:10:03Z" data-provider="testData" finished-at="2019-05-05T09:12:08Z">
          <params>
            <param index="0">
              <value>
                <![CDATA[Amazon]]>
              </value>
            </param>
            <param index="1">
              <value>
                <![CDATA[Online Shopping site in India: Shop Online for Mobiles, Books, Watches, Shoes and More - Amazon.in]]>
              </value>
            </param>
          </params>
          <reporter-output>
          </reporter-output>
        </test-method> <!-- run1 -->
        <test-method status="PASS" signature="closeBrowser()[pri:0, instance:tests.GoogleHomePageTest1@1e397ed7]" name="closeBrowser" is-config="true" duration-ms="1634" started-at="2019-05-05T09:12:08Z" finished-at="2019-05-05T09:12:10Z">
          <reporter-output>
          </reporter-output>
        </test-method> <!-- closeBrowser -->
        <test-method status="PASS" signature="setup(java.lang.String, java.lang.String)[pri:0, instance:tests.GoogleHomePageTest1@1e397ed7]" name="setup" is-config="true" duration-ms="23926" started-at="2019-05-05T09:12:10Z" finished-at="2019-05-05T09:12:34Z">
          <params>
            <param index="0">
              <value>
                <![CDATA[chrome]]>
              </value>
            </param>
            <param index="1">
              <value>
                <![CDATA[https://www.google.co.in]]>
              </value>
            </param>
          </params>
          <reporter-output>
          </reporter-output>
        </test-method> <!-- setup -->
        <test-method status="PASS" signature="run1(java.lang.String, java.lang.String)[pri:0, instance:tests.GoogleHomePageTest1@1e397ed7]" name="run1" duration-ms="10476" started-at="2019-05-05T09:12:34Z" data-provider="testData" finished-at="2019-05-05T09:12:44Z">
          <params>
            <param index="0">
              <value>
                <![CDATA[Wikipedia]]>
              </value>
            </param>
            <param index="1">
              <value>
                <![CDATA[Wikipedia]]>
              </value>
            </param>
          </params>
          <reporter-output>
          </reporter-output>
        </test-method> <!-- run1 -->
        <test-method status="PASS" signature="closeBrowser()[pri:0, instance:tests.GoogleHomePageTest1@1e397ed7]" name="closeBrowser" is-config="true" duration-ms="2521" started-at="2019-05-05T09:12:44Z" finished-at="2019-05-05T09:12:47Z">
          <reporter-output>
          </reporter-output>
        </test-method> <!-- closeBrowser -->
        <test-method status="PASS" signature="setup(java.lang.String, java.lang.String)[pri:0, instance:tests.GoogleHomePageTest1@1e397ed7]" name="setup" is-config="true" duration-ms="5892" started-at="2019-05-05T09:12:47Z" finished-at="2019-05-05T09:12:53Z">
          <params>
            <param index="0">
              <value>
                <![CDATA[chrome]]>
              </value>
            </param>
            <param index="1">
              <value>
                <![CDATA[https://www.google.co.in]]>
              </value>
            </param>
          </params>
          <reporter-output>
          </reporter-output>
        </test-method> <!-- setup -->
        <test-method status="PASS" signature="run1(java.lang.String, java.lang.String)[pri:0, instance:tests.GoogleHomePageTest1@1e397ed7]" name="run1" duration-ms="4601" started-at="2019-05-05T09:12:53Z" data-provider="testData" finished-at="2019-05-05T09:12:57Z">
          <params>
            <param index="0">
              <value>
                <![CDATA[Selenium]]>
              </value>
            </param>
            <param index="1">
              <value>
                <![CDATA[Selenium - Web Browser Automation]]>
              </value>
            </param>
          </params>
          <reporter-output>
          </reporter-output>
        </test-method> <!-- run1 -->
        <test-method status="PASS" signature="closeBrowser()[pri:0, instance:tests.GoogleHomePageTest1@1e397ed7]" name="closeBrowser" is-config="true" duration-ms="290" started-at="2019-05-05T09:12:57Z" finished-at="2019-05-05T09:12:58Z">
          <reporter-output>
          </reporter-output>
        </test-method> <!-- closeBrowser -->
      </class> <!-- tests.GoogleHomePageTest1 -->
    </test> <!-- Test1 -->
    <test name="Test" duration-ms="232738" started-at="2019-05-05T09:09:06Z" finished-at="2019-05-05T09:12:59Z">
      <class name="tests.GoogleHomePageTest">
        <test-method status="PASS" signature="setup(java.lang.String, java.lang.String)[pri:0, instance:tests.GoogleHomePageTest@5442a311]" name="setup" is-config="true" duration-ms="55945" started-at="2019-05-05T09:09:07Z" finished-at="2019-05-05T09:10:03Z">
          <params>
            <param index="0">
              <value>
                <![CDATA[chrome]]>
              </value>
            </param>
            <param index="1">
              <value>
                <![CDATA[https://www.google.co.in]]>
              </value>
            </param>
          </params>
          <reporter-output>
          </reporter-output>
        </test-method> <!-- setup -->
        <test-method status="PASS" signature="run1(java.lang.String, java.lang.String)[pri:0, instance:tests.GoogleHomePageTest@5442a311]" name="run1" duration-ms="125646" started-at="2019-05-05T09:10:03Z" data-provider="testData" finished-at="2019-05-05T09:12:08Z">
          <params>
            <param index="0">
              <value>
                <![CDATA[Amazon]]>
              </value>
            </param>
            <param index="1">
              <value>
                <![CDATA[Online Shopping site in India: Shop Online for Mobiles, Books, Watches, Shoes and More - Amazon.in]]>
              </value>
            </param>
          </params>
          <reporter-output>
          </reporter-output>
        </test-method> <!-- run1 -->
        <test-method status="PASS" signature="closeBrowser()[pri:0, instance:tests.GoogleHomePageTest@5442a311]" name="closeBrowser" is-config="true" duration-ms="1636" started-at="2019-05-05T09:12:08Z" finished-at="2019-05-05T09:12:10Z">
          <reporter-output>
          </reporter-output>
        </test-method> <!-- closeBrowser -->
        <test-method status="PASS" signature="setup(java.lang.String, java.lang.String)[pri:0, instance:tests.GoogleHomePageTest@5442a311]" name="setup" is-config="true" duration-ms="23949" started-at="2019-05-05T09:12:10Z" finished-at="2019-05-05T09:12:34Z">
          <params>
            <param index="0">
              <value>
                <![CDATA[chrome]]>
              </value>
            </param>
            <param index="1">
              <value>
                <![CDATA[https://www.google.co.in]]>
              </value>
            </param>
          </params>
          <reporter-output>
          </reporter-output>
        </test-method> <!-- setup -->
        <test-method status="PASS" signature="run1(java.lang.String, java.lang.String)[pri:0, instance:tests.GoogleHomePageTest@5442a311]" name="run1" duration-ms="10504" started-at="2019-05-05T09:12:34Z" data-provider="testData" finished-at="2019-05-05T09:12:44Z">
          <params>
            <param index="0">
              <value>
                <![CDATA[Wikipedia]]>
              </value>
            </param>
            <param index="1">
              <value>
                <![CDATA[Wikipedia]]>
              </value>
            </param>
          </params>
          <reporter-output>
          </reporter-output>
        </test-method> <!-- run1 -->
        <test-method status="PASS" signature="closeBrowser()[pri:0, instance:tests.GoogleHomePageTest@5442a311]" name="closeBrowser" is-config="true" duration-ms="525" started-at="2019-05-05T09:12:44Z" finished-at="2019-05-05T09:12:45Z">
          <reporter-output>
          </reporter-output>
        </test-method> <!-- closeBrowser -->
        <test-method status="PASS" signature="setup(java.lang.String, java.lang.String)[pri:0, instance:tests.GoogleHomePageTest@5442a311]" name="setup" is-config="true" duration-ms="7203" started-at="2019-05-05T09:12:45Z" finished-at="2019-05-05T09:12:52Z">
          <params>
            <param index="0">
              <value>
                <![CDATA[chrome]]>
              </value>
            </param>
            <param index="1">
              <value>
                <![CDATA[https://www.google.co.in]]>
              </value>
            </param>
          </params>
          <reporter-output>
          </reporter-output>
        </test-method> <!-- setup -->
        <test-method status="PASS" signature="run1(java.lang.String, java.lang.String)[pri:0, instance:tests.GoogleHomePageTest@5442a311]" name="run1" duration-ms="4868" started-at="2019-05-05T09:12:52Z" data-provider="testData" finished-at="2019-05-05T09:12:57Z">
          <params>
            <param index="0">
              <value>
                <![CDATA[Selenium]]>
              </value>
            </param>
            <param index="1">
              <value>
                <![CDATA[Selenium - Web Browser Automation]]>
              </value>
            </param>
          </params>
          <reporter-output>
          </reporter-output>
        </test-method> <!-- run1 -->
        <test-method status="PASS" signature="closeBrowser()[pri:0, instance:tests.GoogleHomePageTest@5442a311]" name="closeBrowser" is-config="true" duration-ms="2247" started-at="2019-05-05T09:12:57Z" finished-at="2019-05-05T09:12:59Z">
          <reporter-output>
          </reporter-output>
        </test-method> <!-- closeBrowser -->
      </class> <!-- tests.GoogleHomePageTest -->
    </test> <!-- Test -->
  </suite> <!-- Suite -->
</testng-results>
